1.040086245053703173e+00,2.664643809526397789e+00,1.000000000000000000e+00
-2.006258222650811440e+00,-1.161039390343665267e-01,-1.000000000000000000e+00
4.178005832060814329e-01,1.259783663592229708e+00,1.000000000000000000e+00
8.767267736904523767e-01,6.730886216954823364e-01,1.000000000000000000e+00
-1.577921712099517385e-02,2.008269891986472544e+00,1.000000000000000000e+00
-1.643169388097308836e+00,-6.510255933001468653e-01,-1.000000000000000000e+00
3.305327432349157712e-01,2.354725542795230719e+00,1.000000000000000000e+00
-3.128087559641579141e+00,-4.810271184607877171e-01,-1.000000000000000000e+00
-1.049797010189535557e-01,3.867414982460158690e+00,1.000000000000000000e+00
-4.436279805846506719e+00,1.887785967938285514e-01,-1.000000000000000000e+00
-3.313146282044454161e+00,-1.726282602331676852e+00,-1.000000000000000000e+00
-2.449045722988710594e+00,-1.794229271489721000e+00,-1.000000000000000000e+00
-1.005515455508631195e+00,-2.069985025013532542e+00,-1.000000000000000000e+00
-1.204066386644097320e-01,1.020684020036746409e+00,1.000000000000000000e+00
-2.023101631077777629e+00,1.484495813800780772e-01,-1.000000000000000000e+00
-1.311970207647698228e+00,3.169426119248496265e-01,-1.000000000000000000e+00
-2.358046836679220437e+00,-3.193284171450951892e-01,-1.000000000000000000e+00
-2.775670534560557012e+00,-7.097279658468882424e-01,-1.000000000000000000e+00
5.342011708457714558e-01,2.817885097238181480e+00,1.000000000000000000e+00
-4.031883068495333289e-01,3.449405523793218631e+00,1.000000000000000000e+00
-2.336071427547413482e+00,9.632135592119682455e-02,-1.000000000000000000e+00
-4.050429345083481181e+00,4.173188210318354852e-01,-1.000000000000000000e+00
-1.932709722147330611e+00,-2.226751005151544893e-01,-1.000000000000000000e+00
-1.141901419203846579e+00,1.189029629558787660e+00,1.000000000000000000e+00
-2.158068563961256903e+00,3.818551018090836635e+00,1.000000000000000000e+00
2.098494779230553053e-01,1.259375400443772497e+00,1.000000000000000000e+00
-1.892361893317341393e+00,2.322186856296987401e+00,1.000000000000000000e+00
-1.584473563150935460e+00,3.344454306604586424e+00,1.000000000000000000e+00
-1.658368735926363691e+00,-2.494585801609488507e-01,-1.000000000000000000e+00
-3.167712720570559082e+00,1.681921740073137661e+00,-1.000000000000000000e+00
-1.373042550950895224e+00,1.432257988980893515e+00,1.000000000000000000e+00
-2.140495600428989675e+00,-1.445668169337359366e-01,-1.000000000000000000e+00
-3.416780975958805810e-01,2.524290914137780284e+00,1.000000000000000000e+00
-1.604738529860987084e+00,3.958714749675993794e+00,1.000000000000000000e+00
-2.951303037102526172e+00,2.656879749662359180e-01,-1.000000000000000000e+00
-4.082938397335081682e+00,6.103793791072051889e-01,-1.000000000000000000e+00
-1.426877120734650339e-01,1.272363579589592009e+00,1.000000000000000000e+00
1.221384959459198338e+00,2.307158171456035411e+00,1.000000000000000000e+00
6.081564276006414804e-01,3.614962322947402384e+00,1.000000000000000000e+00
6.027076564293295524e-01,1.905350230279594603e+00,1.000000000000000000e+00
-3.219604388551792873e+00,-8.129929885540773116e-01,-1.000000000000000000e+00
2.125870464375365920e-01,4.047031496990844524e+00,1.000000000000000000e+00
-1.135468151897528699e+00,-6.894491845499376437e-01,-1.000000000000000000e+00
-3.035270164532844372e+00,2.540520838501601764e-02,-1.000000000000000000e+00
5.401230264004940329e-01,4.790467070530539218e+00,1.000000000000000000e+00
-2.903176946973179628e+00,1.222445070382427446e+00,-1.000000000000000000e+00
8.261103215620101137e-02,1.678465482980472601e+00,1.000000000000000000e+00
-4.206270190625012617e+00,1.950775395231789666e+00,-1.000000000000000000e+00
-2.384852126859907884e+00,-3.791475628799227393e-01,-1.000000000000000000e+00
-2.698398896820045856e+00,9.419230031014656779e-02,-1.000000000000000000e+00
-2.994612860227618967e+00,3.380937561080971321e+00,1.000000000000000000e+00
1.401523416005245437e+00,2.658433846785531518e+00,1.000000000000000000e+00
-8.321860341500619818e-01,2.672339139229188643e+00,1.000000000000000000e+00
5.053869385773427370e-01,2.859249156513456569e+00,1.000000000000000000e+00
1.821915097860405952e+00,2.424349529411577109e+00,1.000000000000000000e+00
7.196681705373316751e-01,2.251580693294961577e+00,1.000000000000000000e+00
3.126754702756948112e-02,2.407887885308043874e+00,1.000000000000000000e+00
1.606611898197728150e-01,1.547355047184612253e+00,1.000000000000000000e+00
-2.887326817407952273e+00,-3.023027505753355659e-01,-1.000000000000000000e+00
-4.739604058661736730e+00,4.014990550902874933e-01,-1.000000000000000000e+00
-2.134151212083141846e+00,1.297825266973585467e+00,-1.000000000000000000e+00
1.315137665720972349e+00,2.176542527516576175e+00,1.000000000000000000e+00
7.617498318158106956e-03,3.386864686582760964e+00,1.000000000000000000e+00
-3.397400926901830598e+00,1.312470367140996297e+00,-1.000000000000000000e+00
-2.304930302848618773e+00,-1.781562855705591364e+00,-1.000000000000000000e+00
6.041367404426841725e-01,8.704163972515617242e-01,1.000000000000000000e+00
-3.961732688261408342e+00,-6.834397667886817906e-01,-1.000000000000000000e+00
-1.549911582474410743e+00,-1.513572082976978872e-01,-1.000000000000000000e+00
1.421975559292464775e+00,2.956363363480785544e+00,1.000000000000000000e+00
-1.833616917968085680e+00,-4.607197873885532924e-01,-1.000000000000000000e+00
-1.692370437474108424e+00,3.229346346280426161e+00,1.000000000000000000e+00
-2.712073398901638788e-01,1.182825211194205695e+00,1.000000000000000000e+00
-2.115056015187807503e+00,3.905365438724420102e+00,1.000000000000000000e+00
-2.966845546052762295e+00,-1.416906113126259470e+00,-1.000000000000000000e+00
-2.302032710055032627e+00,1.081935218477265259e+00,-1.000000000000000000e+00
-2.635949700678320795e+00,1.136891362602695299e+00,-1.000000000000000000e+00
-4.255890583437719421e+00,4.509344618059148435e-01,-1.000000000000000000e+00
-1.557531880779606137e+00,-2.675947462353476802e-01,-1.000000000000000000e+00
9.237965603139468573e-01,2.367431985346281742e+00,1.000000000000000000e+00
-7.308735859513858513e-01,8.582967711902158570e-01,1.000000000000000000e+00
-3.091402667808110571e+00,1.124419184510368153e+00,-1.000000000000000000e+00
-2.047510907360353460e+00,9.789614541262708913e-02,-1.000000000000000000e+00
-3.926799103795318435e-02,1.551067189150236558e+00,1.000000000000000000e+00
-2.767733536893966395e+00,-1.128011331470006873e+00,-1.000000000000000000e+00
-2.129174998718897704e+00,1.420618051872356569e-01,-1.000000000000000000e+00
-3.924060908982531792e+00,-4.933198833621940671e-01,-1.000000000000000000e+00
-2.489650685433700605e+00,7.200337593416528126e-01,-1.000000000000000000e+00
-1.923409183385059062e+00,-2.082987555779948763e-01,-1.000000000000000000e+00
-1.970954761665568267e+00,4.226286217088256469e-01,-1.000000000000000000e+00
2.750970202983580096e-02,4.732016389525178113e+00,1.000000000000000000e+00
-8.152756611364585515e-01,4.301213990808534504e+00,1.000000000000000000e+00
-2.213656311107720320e+00,6.088438344754507625e-01,-1.000000000000000000e+00
-2.276156436687089446e+00,3.296229821277380512e-01,-1.000000000000000000e+00
4.662900435501894925e-01,4.214831608676043118e+00,1.000000000000000000e+00
-3.881541924822495826e-01,2.440071997328909337e+00,1.000000000000000000e+00
-1.269709319272279258e+00,1.202379848784411287e+00,-1.000000000000000000e+00
-3.534242841784464684e+00,6.815945182816269821e-01,-1.000000000000000000e+00
-3.356549308234209494e+00,-1.541587399671787484e+00,-1.000000000000000000e+00
-6.168493029437456254e-01,-1.347759061142446368e+00,-1.000000000000000000e+00
-1.935991464926190897e+00,-1.284552297992527237e+00,-1.000000000000000000e+00
-2.768229947738883312e-01,3.623905305614439243e+00,1.000000000000000000e+00
-2.322573857746247139e+00,-4.017809362082618851e-01,-1.000000000000000000e+00
-1.726747022597400427e+00,-1.183880640193317735e+00,-1.000000000000000000e+00
-3.017519042510403260e+00,-9.788298593587698715e-01,-1.000000000000000000e+00
-1.752811665795368068e+00,-1.188944955203736109e+00,-1.000000000000000000e+00
1.308668752352179165e+00,2.474201441745512930e+00,1.000000000000000000e+00
4.428461137467389896e-01,2.718397073129937169e+00,1.000000000000000000e+00
-1.687325957890957628e+00,5.872593793998259759e-01,-1.000000000000000000e+00
-4.101836048972536730e+00,-8.871809418450402607e-01,-1.000000000000000000e+00
4.472120874548314862e-01,1.883878876676520875e+00,1.000000000000000000e+00
-2.614775324770798104e+00,3.087512418366131217e-01,-1.000000000000000000e+00
-3.701641645137025427e-01,1.540744607359411766e+00,1.000000000000000000e+00
-2.093584506323793892e+00,-1.931767015498399021e-01,-1.000000000000000000e+00
-1.403653154334201458e+00,-2.342158013445365394e-01,-1.000000000000000000e+00
-5.892289865101497659e-01,2.051534993795940842e+00,1.000000000000000000e+00
-2.603218851793557942e+00,4.105985019383723289e-01,-1.000000000000000000e+00
4.936440875248638838e-01,2.987015325980379554e+00,1.000000000000000000e+00
-3.725435518830168213e+00,8.443629764015471162e-01,-1.000000000000000000e+00
-1.631036513103204744e+00,2.768719058461280302e-01,-1.000000000000000000e+00
7.539914669784796297e-01,3.565315492097994809e+00,1.000000000000000000e+00
9.214083978105812589e-01,2.960814477148830726e+00,1.000000000000000000e+00
-4.932407014757259067e-02,2.739033601246764871e+00,1.000000000000000000e+00
-3.673123405114159912e+00,1.943621185649292649e+00,-1.000000000000000000e+00
-2.260417240143608453e+00,-3.698011663038032193e-01,-1.000000000000000000e+00
-3.554628463985014086e+00,8.202478373246812060e-01,-1.000000000000000000e+00
-3.647468652411102408e+00,-4.378200447444340337e-01,-1.000000000000000000e+00
2.673838267463693116e-02,2.683450253581576295e+00,1.000000000000000000e+00
-2.046218087364315874e+00,-1.829740411004531442e+00,-1.000000000000000000e+00
-1.649216974417132109e+00,3.898562092125535727e+00,1.000000000000000000e+00
-2.213095511996653553e+00,-2.320594275790741623e+00,-1.000000000000000000e+00
-1.033421284425822373e+00,8.525519394612319779e-01,-1.000000000000000000e+00
1.897026120799957527e-01,4.202570152241791313e+00,1.000000000000000000e+00
-1.275129435806340306e+00,6.485610634357617810e-02,-1.000000000000000000e+00
2.538560440645898711e-02,3.110391764305412643e+00,1.000000000000000000e+00
-3.265702194478086184e+00,5.557869640828729807e-01,-1.000000000000000000e+00
-3.430156502524321027e+00,-1.785890920873291488e-01,-1.000000000000000000e+00
-2.542171451290578865e+00,-2.868871923899076193e-01,-1.000000000000000000e+00
-1.622184475766908496e-01,3.269430178177303858e+00,1.000000000000000000e+00
1.518759336963580120e+00,1.328839538549919652e+00,1.000000000000000000e+00
-3.798686722163090224e+00,1.276075346006187550e+00,-1.000000000000000000e+00
-1.632549488331787313e-01,2.413544717288953034e+00,1.000000000000000000e+00
-3.634377801160513788e-01,3.279051220132991773e+00,1.000000000000000000e+00
-9.831181837457076966e-01,1.601678028567984136e+00,1.000000000000000000e+00
-1.006036857920391547e+00,1.678450174396867389e+00,1.000000000000000000e+00
2.488441614331128093e+00,4.195969533014169528e+00,1.000000000000000000e+00
-2.437564359199356101e+00,3.614924559490280132e+00,1.000000000000000000e+00
-3.407298364383242184e+00,5.194539579613895175e-02,-1.000000000000000000e+00
-3.361225685054702428e+00,1.910064953099033680e+00,-1.000000000000000000e+00
5.969064812479538684e-01,1.512713306542347702e+00,1.000000000000000000e+00
2.620573846018239283e+00,1.752526821934620616e+00,1.000000000000000000e+00
2.412039642189525157e-01,3.627783630127802361e+00,1.000000000000000000e+00
-4.445703083163959235e+00,-9.127834941352918063e-01,-1.000000000000000000e+00
-2.722605680948320561e+00,-9.130792180417963699e-01,-1.000000000000000000e+00
-6.504087533203635196e-01,-2.141666562000842378e-01,-1.000000000000000000e+00
-3.257870860425166271e+00,-5.008409428482209214e-02,-1.000000000000000000e+00
-4.310963375107570994e-01,3.072751366857215949e+00,1.000000000000000000e+00
9.667680111664601617e-01,3.008067909391477723e+00,1.000000000000000000e+00
-1.679678202738578374e+00,1.359948541679484313e+00,-1.000000000000000000e+00
6.659671460695377743e-01,-3.455446208422996435e-02,1.000000000000000000e+00
2.398671058952785706e-01,2.658958674125643462e+00,1.000000000000000000e+00
-1.829049808569510049e-01,3.396248425356159117e+00,1.000000000000000000e+00
-1.638423625741792122e+00,7.236113836534241450e-01,1.000000000000000000e+00
-2.742019829870219638e+00,1.518261170355705403e+00,-1.000000000000000000e+00
-2.274391345528896213e+00,4.497121002319925398e-01,-1.000000000000000000e+00
-2.123574468844370511e+00,-1.099400790584194487e+00,-1.000000000000000000e+00
1.402844740100243293e+00,2.835844721405313074e+00,1.000000000000000000e+00
-8.135959970945070285e-01,1.978358490029381134e+00,1.000000000000000000e+00
1.125575309064542895e-01,1.844454970515641890e+00,1.000000000000000000e+00
-3.485510737684150762e+00,-1.471835007463586864e+00,-1.000000000000000000e+00
2.526368240355998385e+00,4.269921388196733503e+00,1.000000000000000000e+00
-2.567275608922981789e+00,-1.318395869644734208e+00,-1.000000000000000000e+00
-3.419113444869943841e+00,1.927538490652161707e-01,-1.000000000000000000e+00
2.987136599920089397e-01,3.410645672229970060e+00,1.000000000000000000e+00
-4.530684467781494362e+00,2.064492861359319420e+00,-1.000000000000000000e+00
8.709617821716195696e-01,1.622029383464129726e+00,1.000000000000000000e+00
4.108222614387956745e-02,3.093465919603239023e+00,1.000000000000000000e+00
-5.288698535561152658e-01,2.673711852987023629e+00,1.000000000000000000e+00
-7.450138462579414256e-01,-1.329884223095919860e-01,-1.000000000000000000e+00
-1.971056381583417672e+00,2.461477886848441599e-01,-1.000000000000000000e+00
1.269764750314303914e+00,1.790145817853896038e+00,1.000000000000000000e+00
-2.121176444902435954e+00,6.611533962415014898e-01,1.000000000000000000e+00
-6.795930425441440992e-01,1.935682090317511150e+00,1.000000000000000000e+00
3.843234052112453059e-01,3.509711854811714105e+00,1.000000000000000000e+00
-2.574667978251149680e+00,2.587164402297460475e-01,-1.000000000000000000e+00
1.433352502881991786e+00,2.918398011309192519e+00,1.000000000000000000e+00
-3.441964564673812288e-01,2.247289327958393201e+00,1.000000000000000000e+00
-1.626321937826830100e+00,2.365177548905645910e+00,1.000000000000000000e+00
-7.199405321418946846e-01,1.606425597685808615e+00,1.000000000000000000e+00
-1.422794908626342725e+00,4.422324755444398292e+00,1.000000000000000000e+00
2.466489552524461781e-01,3.107992509406397375e+00,1.000000000000000000e+00
6.775570335877171280e-01,3.807183845081257623e+00,1.000000000000000000e+00
-1.856685534937072113e+00,-1.570623408633452733e+00,-1.000000000000000000e+00
-9.239120158100020408e-01,3.912151698298631075e+00,1.000000000000000000e+00
-2.018884873611164643e+00,2.759355114021582178e+00,-1.000000000000000000e+00
-3.832089785163246276e-01,-1.610878403449933716e+00,-1.000000000000000000e+00
-3.147181431847760891e+00,4.722471500878487327e-01,-1.000000000000000000e+00
-2.272607224878871346e+00,-1.016738648609768925e+00,-1.000000000000000000e+00
1.049071650855127186e-01,2.633912922615476049e+00,1.000000000000000000e+00
1.712305221343296546e+00,1.707884979434850070e+00,1.000000000000000000e+00
-4.864173817141180578e+00,2.033418170524324900e-02,-1.000000000000000000e+00
-1.533529694734383497e-01,-1.279161107028258249e+00,-1.000000000000000000e+00
-2.097658358822450886e+00,-6.848100909403131986e-01,-1.000000000000000000e+00
-7.359476540323359739e-01,4.001572083672232938e-01,-1.000000000000000000e+00
7.303517903770193609e-01,3.604578473571476316e+00,1.000000000000000000e+00
1.962240525635796651e-01,-7.392466628041513554e-02,-1.000000000000000000e+00
-1.521262015894260688e+00,2.240893199201457797e+00,-1.000000000000000000e+00
-6.038395527961509801e-01,1.350445936742881825e+00,1.000000000000000000e+00
-1.421802696285762169e+00,-2.559184666344096470e+00,-1.000000000000000000e+00
2.451229719075076030e+00,2.288794016368480122e+00,1.000000000000000000e+00
-1.960833023160581945e-01,-1.060015822721547263e+00,-1.000000000000000000e+00
-3.979120985908414232e-01,3.282578880841977575e+00,1.000000000000000000e+00
-7.742950804868045100e-01,2.230610221548759764e+00,1.000000000000000000e+00
-1.168552251360579497e-01,9.444794869904138412e-01,-1.000000000000000000e+00
-2.768003370951380493e+00,8.024563957963951610e-01,-1.000000000000000000e+00
-1.801542850892663861e+00,3.770889086269340121e-03,-1.000000000000000000e+00
-7.905230218330772107e-01,1.592699878474673092e+00,1.000000000000000000e+00
-3.143618402832890624e+00,-2.223403152224426638e+00,-1.000000000000000000e+00
-1.770909437822463239e+00,1.289829107574106681e-01,-1.000000000000000000e+00
2.185735821987137145e-02,2.542539074029790847e+00,1.000000000000000000e+00
-2.716949569936649045e+00,4.453932508947973101e-01,-1.000000000000000000e+00
3.390592559424304153e-01,1.910367958048970305e+00,1.000000000000000000e+00
-1.509661606068298800e+00,2.222608608256890328e+00,1.000000000000000000e+00
-1.806226847309867489e+00,-1.595734381462668994e-01,-1.000000000000000000e+00
1.390533967073938060e+00,8.586513911769708685e-01,1.000000000000000000e+00
1.584820527349017905e+00,3.147967791009888217e+00,1.000000000000000000e+00
7.519465876771956880e-01,3.062989718586127896e+00,1.000000000000000000e+00
-9.228233149968279037e-01,1.048661501808974883e+00,1.000000000000000000e+00
-2.147183393505621485e+00,-1.527744235454086830e-01,-1.000000000000000000e+00
-1.031482460315257699e+00,1.070008741314551592e+00,1.000000000000000000e+00
9.687443931111453521e-01,1.769642904442040088e+00,1.000000000000000000e+00
-1.139008193116965328e+00,1.285598617040740965e+00,1.000000000000000000e+00
-2.968864187966795853e+00,-2.201441285500557843e+00,-1.000000000000000000e+00
2.523314313845212431e-01,2.109202003918986268e+00,1.000000000000000000e+00
8.313510579847682713e-01,2.987972682663004420e+00,1.000000000000000000e+00
-4.174773498850339881e-01,1.402503345229755283e+00,1.000000000000000000e+00
-2.036869670681392908e+00,2.790957643924534270e-01,-1.000000000000000000e+00
3.811800017940036173e-02,1.921081860056792046e+00,1.000000000000000000e+00
-2.001309725090172353e+00,1.047972155968052821e+00,-1.000000000000000000e+00
-4.113897847557951515e+00,-2.127402802139687077e-01,-1.000000000000000000e+00
-1.910120179265480500e+00,-3.638588099707898982e-01,-1.000000000000000000e+00
-1.446421063983328592e+00,2.047649724430908424e+00,1.000000000000000000e+00
-2.590382007276947007e+00,1.367597239806713549e+00,-1.000000000000000000e+00
-1.010644037925519712e+00,5.213037482757136853e-01,-1.000000000000000000e+00
-2.810886171698471880e+00,9.740016626878340855e-02,-1.000000000000000000e+00
-4.002396569381712510e+00,-1.777666954733706284e+00,-1.000000000000000000e+00
-2.220075400956761591e+00,-9.815038964295794144e-02,-1.000000000000000000e+00
-2.316660800742398774e+00,1.670943032788857252e+00,-1.000000000000000000e+00
1.279812020628021907e+00,1.614033517959047259e+00,1.000000000000000000e+00
1.039096440378392661e+00,2.979095224098228467e+00,1.000000000000000000e+00
-3.192049847784391048e+00,1.536377054245797735e+00,-1.000000000000000000e+00
8.449956030008372032e-01,1.824406172369936963e+00,1.000000000000000000e+00
-3.497821801115368889e-01,4.523471949769973577e+00,1.000000000000000000e+00
-2.280490444206954681e+00,3.930629339800916222e-01,-1.000000000000000000e+00
7.316589270303924808e-01,2.434511624855517198e+00,1.000000000000000000e+00
-2.685053671009341336e+00,-8.076484876163556592e-01,-1.000000000000000000e+00
-5.494985463040402696e-01,1.401429272444670415e+00,1.000000000000000000e+00
-2.011880319244709003e+00,3.089703605574723788e+00,1.000000000000000000e+00
-1.560238909972873622e-01,3.549093187920010273e+00,1.000000000000000000e+00
-2.523423105021452173e+00,1.079194728112489177e+00,-1.000000000000000000e+00
-6.429525533528904768e-01,2.650115227006129004e+00,1.000000000000000000e+00
-2.846249447647310138e+00,-7.946363210714987302e-01,-1.000000000000000000e+00
-2.722477010242920326e+00,-8.589199078076715788e-01,-1.000000000000000000e+00
-2.228829815362689093e+00,-8.014968853943748028e-01,-1.000000000000000000e+00
-2.939189521802147986e+00,1.813384292178212842e-01,-1.000000000000000000e+00
2.224631640086067730e-01,2.411624476800845240e+00,1.000000000000000000e+00
-1.300346832218339133e+00,1.696149595968480028e+00,1.000000000000000000e+00
-1.446577890035894320e+00,9.173143581972109661e-01,1.000000000000000000e+00
-2.178931520194909321e+00,1.870349573059818749e+00,1.000000000000000000e+00
-2.558586551133860798e+00,-3.175430939301992495e-01,-1.000000000000000000e+00
6.763423006691976491e-02,2.036978245890948891e+00,1.000000000000000000e+00
3.191184000862823944e-01,2.807264780505590807e+00,1.000000000000000000e+00
-1.471064507405145827e+00,-7.228700756000490391e-02,-1.000000000000000000e+00
-8.963697225521801704e-01,5.372679908592479237e-01,1.000000000000000000e+00
-3.097316068965362490e+00,-2.379217297360070038e-01,-1.000000000000000000e+00
-7.803044065015394271e-01,2.771112796446714821e+00,1.000000000000000000e+00
1.005812087289631868e-01,3.039161274114196676e+00,1.000000000000000000e+00
-2.884645423142517817e+00,-4.438360931551977862e-01,-1.000000000000000000e+00
-4.887433185368630362e-01,-4.459542645585702625e-02,-1.000000000000000000e+00
-3.437880231151451582e+00,4.331079531513436498e-01,-1.000000000000000000e+00
6.071116719160458697e-01,1.451829593174526867e+00,1.000000000000000000e+00
3.382254736851152965e-01,3.151781261700616010e+00,1.000000000000000000e+00
2.050866252318538085e-01,3.661533803559117395e+00,1.000000000000000000e+00
-6.532847019278890111e-01,2.578514025174176272e+00,1.000000000000000000e+00
-5.109261812322630769e-01,3.274728319067162108e+00,1.000000000000000000e+00
-8.351926901914831225e-01,1.553259589042810473e+00,1.000000000000000000e+00
-2.056136767254574504e+00,3.336743273742668325e-01,-1.000000000000000000e+00
-2.402275032285144274e+00,5.829536797532935966e-01,-1.000000000000000000e+00
-4.504215715498915529e+00,3.768765208508927378e-01,-1.000000000000000000e+00
-2.454241482698554133e+00,-1.871838500258335980e-01,-1.000000000000000000e+00
-1.180863123698424388e+00,-8.824188185499185488e-01,-1.000000000000000000e+00
1.546688336463321878e-01,3.541568388818581603e+00,1.000000000000000000e+00
-2.175130384203813882e+00,9.971179807917595062e-01,-1.000000000000000000e+00
-1.527464210857463200e+00,2.133868247204537383e+00,-1.000000000000000000e+00
-2.132455103977731081e+00,1.903115575939396953e-01,-1.000000000000000000e+00
1.648504010268178943e+00,9.499858106418521686e-01,1.000000000000000000e+00
-2.300699803103534613e+00,-5.060354096166589516e-02,-1.000000000000000000e+00
-3.313364259204202966e+00,-1.466424327802513972e+00,-1.000000000000000000e+00
-9.711706648243907392e-01,3.926316860787027352e+00,1.000000000000000000e+00
1.015665281542101228e+00,3.201041341165097087e+00,1.000000000000000000e+00
7.750232632241702557e-01,2.932837621499993830e+00,1.000000000000000000e+00
-6.470535263827592587e-01,2.671243545152212295e+00,1.000000000000000000e+00
-2.719541028331213361e+00,-1.084036620671934514e+00,-1.000000000000000000e+00
-5.082796632969944994e+00,-1.153950363652009425e+00,-1.000000000000000000e+00
-2.069447105572910228e-01,1.821904539213753171e+00,1.000000000000000000e+00
-2.291725021923139760e+00,9.766390364837127525e-01,-1.000000000000000000e+00
-2.847961855920845942e+00,-1.353388858147713369e+00,-1.000000000000000000e+00
-2.690653493581399491e+00,-3.948495140334503106e-01,-1.000000000000000000e+00
1.751561327821833658e-02,2.823625764609118516e+00,1.000000000000000000e+00
-2.970032882700874843e+00,-2.167314705755386262e-01,-1.000000000000000000e+00
7.687706443994749561e-01,2.078672412675319325e+00,1.000000000000000000e+00
1.989894944051877335e-01,4.488731918595391335e+00,1.000000000000000000e+00
-2.905941727188483537e+00,7.243685048699644025e-01,-1.000000000000000000e+00
1.892210388219473655e-02,2.417965846854515988e+00,1.000000000000000000e+00
-3.406923438779304592e-01,1.236827087914845746e+00,1.000000000000000000e+00
-1.088827936110388306e+00,7.858038268311725583e-01,-1.000000000000000000e+00
-5.052989815834078691e+00,6.536185954403606058e-01,-1.000000000000000000e+00
1.866683148331627073e+00,3.257468330061403794e+00,1.000000000000000000e+00
1.474344016509719080e-01,1.522535122754130832e+00,1.000000000000000000e+00
-4.188230027771432162e+00,-1.124659825595527157e-01,-1.000000000000000000e+00
-3.269916074445316401e+00,5.392491912918172536e-01,-1.000000000000000000e+00
-1.375184479317240749e+00,3.000992232179946484e+00,1.000000000000000000e+00
-1.214015992919706965e+00,-1.506998398214272061e+00,-1.000000000000000000e+00
-7.537044661806008294e-01,2.637689825903347440e+00,1.000000000000000000e+00
-3.005358317264410051e+00,-8.157915419939713031e-01,-1.000000000000000000e+00
4.561530358270553531e-01,2.142420968031402140e+00,1.000000000000000000e+00
-2.143633602825598228e+00,7.065731681919481533e-01,-1.000000000000000000e+00
-3.351729197253590087e+00,1.822723600127959420e+00,-1.000000000000000000e+00
-4.142965293530608939e+00,-4.060717962598319186e-01,-1.000000000000000000e+00
-2.302453760123923665e-01,-1.454365674598764757e+00,-1.000000000000000000e+00
-6.205312579833403147e-02,3.759167129610813785e+00,1.000000000000000000e+00
1.145262173019224727e+00,2.846494442006760828e+00,1.000000000000000000e+00
-3.348320522805232624e+00,-3.256694688201741683e-01,-1.000000000000000000e+00
4.607943277012555572e-01,2.099013842103599092e+00,1.000000000000000000e+00
-9.724028893524976347e-01,3.846221073222300113e+00,1.000000000000000000e+00
-1.077016503483893883e+00,3.960865849565601837e-01,-1.000000000000000000e+00
-5.770579735196152971e-01,1.480514791434424327e+00,-1.000000000000000000e+00
-8.391294028422137119e-01,3.490121383879193573e+00,1.000000000000000000e+00
1.932135532336964612e-01,3.797342089092890838e+00,1.000000000000000000e+00
-3.367640507193101485e-01,1.336527949436391971e+00,-1.000000000000000000e+00
4.008856791041211509e-01,2.490342763467091824e+00,1.000000000000000000e+00
9.853175089398669151e-01,3.266919669661199066e+00,1.000000000000000000e+00
2.680570840769000540e+00,2.299191486004334539e+00,1.000000000000000000e+00
-3.529935283308976324e+00,-3.499433645891047440e-01,-1.000000000000000000e+00
-1.976108976165794395e+00,8.842208704466140989e-02,-1.000000000000000000e+00
-1.380430752307269193e+00,1.964085438333838196e+00,1.000000000000000000e+00
-3.178025781564450369e+00,1.297845790651098730e+00,-1.000000000000000000e+00
-1.730276061550085842e+00,3.088742406807506669e+00,1.000000000000000000e+00
-1.956688108612480326e+00,4.390429576720425442e-01,-1.000000000000000000e+00
-6.324420098500325160e-01,-9.772778798764110153e-01,-1.000000000000000000e+00
-3.204921352507445143e+00,6.799748442451023500e-01,-1.000000000000000000e+00
8.753147092167086474e-02,3.438746875682309856e+00,1.000000000000000000e+00
-9.900831128407737436e-02,1.449346163412510435e+00,1.000000000000000000e+00
-4.674931736578534780e-01,1.637506700275266125e+00,1.000000000000000000e+00
-2.191668754040654754e+00,-1.378083467064077139e+00,-1.000000000000000000e+00
-2.776432845015837092e+00,-2.595769818340394330e-01,-1.000000000000000000e+00
-2.811552532127372661e+00,5.616534222974543800e-02,-1.000000000000000000e+00
3.903649435086223862e-01,4.088530691097532532e+00,1.000000000000000000e+00
-6.599427051023376567e-01,2.713017167429887522e+00,1.000000000000000000e+00
1.658635226535373208e-01,3.829141282745553099e+00,1.000000000000000000e+00
2.509981160083239460e-01,3.554757925180282996e+00,1.000000000000000000e+00
-2.633701559668438996e+00,1.077743805976262736e+00,-1.000000000000000000e+00
-3.009652181751653721e+00,-4.380743016111863786e-01,-1.000000000000000000e+00
-8.137944832313058763e-01,1.050882389263069649e+00,1.000000000000000000e+00
1.592504683737024362e-01,5.414510448634612949e-01,1.000000000000000000e+00
-2.514857703354702601e+00,8.214059370248112391e-01,-1.000000000000000000e+00
-8.577026230468940415e-01,2.635454663189980451e+00,1.000000000000000000e+00
2.690240731762466586e-01,3.024917863645882665e+00,1.000000000000000000e+00
-1.568151625885696454e+00,3.399649838012619996e-01,-1.000000000000000000e+00
-2.561626402095647403e+00,-1.073052762911746866e-01,-1.000000000000000000e+00
-2.203266827505886649e+00,8.299861590811031808e-01,-1.000000000000000000e+00
-3.647610944843135528e+00,-3.581140754798567416e-01,-1.000000000000000000e+00
-2.598452524425432397e+00,-6.634782863621073723e-01,-1.000000000000000000e+00
-1.317717343140765385e+00,3.041008219959807413e+00,1.000000000000000000e+00
9.265583009670964598e-01,3.058081880618665593e+00,1.000000000000000000e+00
2.860125269781179647e-01,3.478567297446042872e+00,1.000000000000000000e+00
5.365965205668234983e-01,2.904695455614300315e+00,1.000000000000000000e+00
4.987269583119319782e-01,1.762068219758770038e+00,1.000000000000000000e+00
1.296149867527883304e+00,3.116459312626155054e+00,1.000000000000000000e+00
-2.058967092726848414e+00,1.787928657331798454e-01,-1.000000000000000000e+00
-2.892388998149636681e+00,-3.046143054799926642e+00,-1.000000000000000000e+00
-1.451905529431747333e+00,2.882202787785293374e+00,1.000000000000000000e+00
1.342622010510353237e+00,1.760064147034740234e+00,1.000000000000000000e+00
-8.511560251940573918e-02,1.935698966697839474e+00,1.000000000000000000e+00
-3.305626507539368042e+00,-1.118311924321632178e+00,-1.000000000000000000e+00
1.324358749995839135e+00,2.327799207303117512e+00,1.000000000000000000e+00
-2.100953654359869915e+00,-2.772592756426650151e+00,-1.000000000000000000e+00
3.557035157239844536e-01,2.022713729596770538e+00,1.000000000000000000e+00
7.324240097548762041e-01,2.124777599239327408e+00,1.000000000000000000e+00
-1.810181835465211719e+00,1.301846229564998403e+00,-1.000000000000000000e+00
-2.741337791453104522e+00,-8.781903428100731324e-01,-1.000000000000000000e+00
-8.602624519575188256e-01,2.828301295000755555e+00,1.000000000000000000e+00
-3.021579677993373014e+00,-1.184686590411551999e+00,-1.000000000000000000e+00
1.618054269000225531e+00,1.675590878672165385e+00,1.000000000000000000e+00
9.836361957891794905e-01,2.414385045769503080e+00,1.000000000000000000e+00
-2.559576692142683241e-01,2.151953620357380359e+00,1.000000000000000000e+00
9.866745381579566931e-02,2.697181055197367172e+00,1.000000000000000000e+00
-4.287020655858288509e-01,1.862159443526415714e+00,1.000000000000000000e+00
-2.604343491494692575e+00,-9.880019424937344086e-01,-1.000000000000000000e+00
-1.173538357634306584e+00,-9.646064242062639682e-01,-1.000000000000000000e+00
-1.837557302499922551e-01,3.324618219638467487e+00,1.000000000000000000e+00
6.991361537186937536e-01,2.201240399430063999e+00,1.000000000000000000e+00
4.140913537935950739e-01,1.992765538105077283e+00,1.000000000000000000e+00
-2.117267569987731690e+00,-3.424228053195386978e-02,-1.000000000000000000e+00
-5.840935467949193161e-01,2.835105620195998988e+00,1.000000000000000000e+00
-1.829429549689089995e+00,-7.075056975105769030e-01,-1.000000000000000000e+00
-2.082851030949963433e-01,4.074371237475571839e+00,1.000000000000000000e+00
-2.899449029262875399e+00,3.700558878475187496e-01,-1.000000000000000000e+00
-3.370797149181881558e+00,-5.788496647644154613e-01,-1.000000000000000000e+00
-3.438981572677785259e+00,1.017020991413244646e+00,-1.000000000000000000e+00
-3.358972388444342094e+00,-8.989421564655359909e-01,-1.000000000000000000e+00
1.054177908938922714e+00,3.450833697003799827e+00,1.000000000000000000e+00
-3.262114511922498128e+00,-8.877801366359353574e-01,-1.000000000000000000e+00
-2.761645445710900759e+00,-1.822447837899429379e-01,-1.000000000000000000e+00
1.045023375502690532e+00,3.099039526376183851e+00,1.000000000000000000e+00
-3.991257592705605539e+00,4.393917012645369158e-01,-1.000000000000000000e+00
-1.011774084105488525e+00,2.584968137037707780e+00,1.000000000000000000e+00
-3.779689173204239694e+00,-5.854312042777726210e-01,-1.000000000000000000e+00
-7.823669669020897333e-01,3.125118656433730102e+00,1.000000000000000000e+00
9.361291483110824041e-01,3.178380098840470236e+00,1.000000000000000000e+00
4.516585593883100380e-02,4.359346333851628508e+00,1.000000000000000000e+00
-2.630106954193704105e+00,9.395322938556871506e-02,-1.000000000000000000e+00
-3.331928284515295324e-02,9.691965026005073813e-01,1.000000000000000000e+00
-6.255570351092533121e-01,3.492136828518505709e+00,1.000000000000000000e+00
2.280533251240672021e-01,2.701479946704433033e+00,1.000000000000000000e+00
1.374848733553365662e-02,6.552988363719538523e-01,1.000000000000000000e+00
-7.727718829782020959e-01,3.382056599363010729e+00,1.000000000000000000e+00
-4.003488150134233980e-01,1.027677071533510400e+00,1.000000000000000000e+00
-2.215720329192785165e+00,1.742668780655631133e+00,-1.000000000000000000e+00
-9.571474731510167810e-01,1.151575680878299091e+00,1.000000000000000000e+00
1.455807951836843417e+00,2.555492225443802834e+00,1.000000000000000000e+00
-8.518650677924404224e-01,1.642277554873339540e-01,-1.000000000000000000e+00
-4.132423302067983251e+00,-6.713415461452176825e-02,-1.000000000000000000e+00
-1.004322712214613444e+00,1.501808271768136027e+00,1.000000000000000000e+00
-3.032489919209067963e+00,6.450552734598768989e-01,-1.000000000000000000e+00
5.383296032761768490e-01,2.357554582490630768e+00,1.000000000000000000e+00
-7.672788130808667617e-01,6.845011068591904113e-01,-1.000000000000000000e+00
-6.163805217221475508e-02,1.067264510065891958e+00,1.000000000000000000e+00
1.928639555503860181e-01,1.342982719184132145e+00,1.000000000000000000e+00
-2.955532503517343201e+00,1.747915902505672858e-02,-1.000000000000000000e+00
-3.045711974017782264e+00,-1.884585844979447700e+00,-1.000000000000000000e+00
-3.408763245959053112e+00,-4.243176209779014885e-01,-1.000000000000000000e+00
-2.029566855153518201e+00,3.114470715541555190e-01,-1.000000000000000000e+00
-1.104616597526470789e+00,2.469063742726040900e+00,1.000000000000000000e+00
4.804244961177867590e-01,1.531813936092895068e+00,1.000000000000000000e+00
-3.042861476016717859e+00,4.160500462614254991e-01,-1.000000000000000000e+00
-1.830028550427810208e+00,1.804164880650452663e+00,1.000000000000000000e+00
-1.045524557069465788e+00,1.415143940538554856e+00,1.000000000000000000e+00
1.148350580691126277e+00,1.589149622361347491e+00,1.000000000000000000e+00
-3.611131347398661151e-01,3.108962341654524231e+00,1.000000000000000000e+00
-1.174985947113184714e+00,2.053325637779596924e-01,-1.000000000000000000e+00
-3.432740910794377598e+00,-1.263068349102275389e+00,-1.000000000000000000e+00
-1.776899506262201722e+00,2.461212524791161690e-02,-1.000000000000000000e+00
5.232617386880769050e-01,1.962416631441938009e+00,1.000000000000000000e+00
-2.491372101082423463e+00,5.270042084546596728e-01,-1.000000000000000000e+00
-1.780016269856834477e+00,-1.102906212955369725e+00,-1.000000000000000000e+00
6.878813911747545529e-01,2.549857266599822481e+00,1.000000000000000000e+00
2.847905991343631649e-01,2.190622407116638470e+00,1.000000000000000000e+00
-3.395466561193675403e+00,3.869024978592620068e-01,-1.000000000000000000e+00
8.733118360704121841e-01,3.699736176415037825e+00,1.000000000000000000e+00
-2.853993911253483784e+00,-1.374951293418018805e+00,-1.000000000000000000e+00
-7.623615367276093124e-01,1.053059665244191478e+00,1.000000000000000000e+00
-1.797455804366897558e+00,1.436567061845393178e+00,1.000000000000000000e+00
-2.460233265413504622e+00,-1.566994710861602469e+00,-1.000000000000000000e+00
-2.406910493091478642e-01,-4.225715166064269307e-02,-1.000000000000000000e+00
-4.869586905226602980e+00,8.640523004976479182e-01,-1.000000000000000000e+00
-1.040599230085144988e+00,2.184396876614141725e+00,1.000000000000000000e+00
-2.103993287338354889e+00,-1.093061508730505782e+00,-1.000000000000000000e+00
-1.570494888520471921e+00,5.822245913979242626e-01,-1.000000000000000000e+00
-3.455945000492777197e+00,-3.459817756993864291e-01,-1.000000000000000000e+00
-2.003534800049873998e-01,7.859538839510036290e-01,1.000000000000000000e+00
2.391455806537870210e-01,3.897896261086735592e+00,1.000000000000000000e+00
-3.096314038450508122e+00,-5.256729626954628753e-02,-1.000000000000000000e+00
-1.678414287950204198e+00,5.292646299360853623e-03,-1.000000000000000000e+00
-2.333326504627470932e+00,6.350314368921063934e-01,-1.000000000000000000e+00
1.978281678498678142e-01,2.597750802422185146e+00,1.000000000000000000e+00
1.008597286860103637e+00,3.027597382774315893e+00,1.000000000000000000e+00
-2.265178474051268154e+00,2.132153410570443608e+00,-1.000000000000000000e+00
-4.576405942895259704e-01,2.871811081497493312e+00,1.000000000000000000e+00
-1.744604304336661693e+00,8.674074113549179454e-01,-1.000000000000000000e+00
5.592989813908842978e-01,1.436304408974452107e+00,1.000000000000000000e+00
-3.639802455426774053e+00,7.849575212405001112e-01,-1.000000000000000000e+00
-1.685480177512133748e+00,5.892558918162995457e-02,-1.000000000000000000e+00
-2.450505018349909303e+00,4.938367762809563466e-01,-1.000000000000000000e+00
-3.156463674971531574e+00,-2.834554505274702318e+00,-1.000000000000000000e+00
-2.433482777616831960e+00,3.024718977397813924e-01,-1.000000000000000000e+00
-3.282629155827525125e+00,-1.103892990268877522e-01,-1.000000000000000000e+00
-3.656182431821912715e+00,7.811981017099933755e-01,-1.000000000000000000e+00
-1.713672037891023958e+00,-4.664190967359430617e-01,-1.000000000000000000e+00
-1.827705242987564649e+00,4.074618362411104311e-01,-1.000000000000000000e+00
1.631597427532271549e+00,2.877759169730717659e+00,1.000000000000000000e+00
2.843145189979445209e-01,2.915400626171126941e+00,1.000000000000000000e+00
2.155530537886848064e-01,3.068007359226419872e+00,1.000000000000000000e+00
-2.906303130445062610e+00,-8.640449911023695417e-01,-1.000000000000000000e+00
-3.418004769819045663e+00,2.524966270768724264e-01,-1.000000000000000000e+00
-6.407257241901990197e-01,1.365688406277772549e+00,1.000000000000000000e+00
-1.114738453277769548e+00,-3.030982534240727055e-01,-1.000000000000000000e+00
-3.665149840783356261e+00,9.008264869541871001e-01,-1.000000000000000000e+00
-3.196326653861082612e+00,-2.903971008038667700e-01,-1.000000000000000000e+00
-2.657667016163816065e+00,2.256723497298209313e+00,-1.000000000000000000e+00
-2.274418336431196508e+00,1.389145315677927428e+00,-1.000000000000000000e+00
-3.184010897737216794e+00,1.659550796189872113e+00,-1.000000000000000000e+00
1.323976766753355225e-02,2.378055072399722913e+00,1.000000000000000000e+00
-3.303141387341628210e+00,-4.643376914354916396e-01,-1.000000000000000000e+00
-2.875147116661283864e+00,-1.226196191783019085e+00,-1.000000000000000000e+00
-7.611273225454890934e-01,9.943943913154988934e-01,-1.000000000000000000e+00
-3.444446255918250266e+00,-4.100496932025484709e-01,-1.000000000000000000e+00
-1.589821091907408057e+00,3.172182151913020554e-01,-1.000000000000000000e+00
9.920486253150243017e-02,4.076298972627717454e+00,1.000000000000000000e+00
-3.432789041506438377e+00,1.243319384455154886e+00,-1.000000000000000000e+00
1.257744217496038264e+00,4.133650205794574539e-01,1.000000000000000000e+00
-1.557998528183396347e+00,1.992965230234662544e+00,1.000000000000000000e+00
-4.693107362791067438e-01,3.375695678779506714e+00,1.000000000000000000e+00
2.242522209656818977e-01,8.213116371713433672e-01,1.000000000000000000e+00
8.178618311849957800e-01,2.738200192022038681e+00,1.000000000000000000e+00
-1.728209448786332647e+00,8.235041539637314445e-01,-1.000000000000000000e+00
-1.563601456447540450e+00,-5.256405931019396682e-01,-1.000000000000000000e+00
5.023282400747796084e-01,1.637733000246763382e+00,1.000000000000000000e+00
-2.643579511716320773e+00,-3.820254489503835948e-01,-1.000000000000000000e+00
-3.847925422629120185e+00,-7.615733882565589585e-01,-1.000000000000000000e+00
4.026255311300351858e-01,7.241120000381711108e-01,1.000000000000000000e+00
4.470241568856782588e-01,2.605719995467155048e+00,1.000000000000000000e+00
-1.559082385424886752e+00,4.052040803228880717e-01,-1.000000000000000000e+00
1.564762569462989639e-01,2.283656021704274064e+00,1.000000000000000000e+00
1.615592672381679640e-01,4.063404745028929455e+00,1.000000000000000000e+00
-4.594603071206144307e+00,1.237219142335065775e-01,-1.000000000000000000e+00
-2.448425057230111168e+00,8.672766288084278186e-01,-1.000000000000000000e+00
-3.946534699563387871e+00,8.002979493400275146e-01,-1.000000000000000000e+00
1.530932351028824634e+00,2.592447735469808556e+00,1.000000000000000000e+00
-3.548552965067092835e+00,-1.420017937178975176e+00,-1.000000000000000000e+00
-1.129010993708878585e+00,-5.098432421384790914e-01,-1.000000000000000000e+00
2.153119792570582725e+00,2.968304907689591765e+00,1.000000000000000000e+00
-2.224399326015943590e+00,1.435049386789154502e+00,-1.000000000000000000e+00
-1.638807307122177814e+00,1.766687192416334318e+00,1.000000000000000000e+00
-3.225597378463584519e+00,-1.383363955395055411e+00,-1.000000000000000000e+00
-1.539306601539340402e+00,1.329062846539682319e+00,-1.000000000000000000e+00
-1.655344038309677801e+00,2.653644460815666406e+00,1.000000000000000000e+00
-1.005311872348858770e+00,2.601407146668210935e+00,1.000000000000000000e+00
-8.552404572508641722e-01,3.757219650828994340e+00,1.000000000000000000e+00
-2.031614765722948412e+00,1.735878997685713188e+00,-1.000000000000000000e+00
-3.249690344702896638e+00,3.280874761371180282e-02,-1.000000000000000000e+00
-5.440876917493058240e-01,3.900933226879264581e-01,-1.000000000000000000e+00
-8.688625468659522122e-01,3.156390750859302319e+00,1.000000000000000000e+00
-3.299422399543096684e+00,2.407875097419384380e-01,-1.000000000000000000e+00
-5.226194163984779761e-01,3.542977594646376183e+00,1.000000000000000000e+00
-1.728594051323154357e+00,1.029438828782767157e+00,-1.000000000000000000e+00
-1.032127514617075803e-01,1.448609601339935438e+00,1.000000000000000000e+00
-3.135846078378881074e+00,6.764332949464997302e-01,-1.000000000000000000e+00
-3.806526851735316797e+00,1.658130679618188053e+00,-1.000000000000000000e+00
-8.087175319795336659e-01,1.395876014200738258e+00,1.000000000000000000e+00
-2.724258934251640341e+00,-3.022497304550700314e-01,-1.000000000000000000e+00
4.038960208359738124e-01,4.436712462402551793e+00,1.000000000000000000e+00
-4.132634526234495453e+00,-1.567767724308454014e+00,-1.000000000000000000e+00
1.103693957462150266e+00,2.900530684598705999e+00,1.000000000000000000e+00
-1.146000426507443271e+00,2.547066094658493540e+00,1.000000000000000000e+00
-1.482883357574042549e+00,1.190587853668985785e+00,1.000000000000000000e+00
-2.809012969047122166e+00,-1.676003806329976697e+00,-1.000000000000000000e+00
-3.545253366146954743e+00,1.211145289682700854e+00,-1.000000000000000000e+00
8.505306835234381913e-01,1.660875809400726322e+00,1.000000000000000000e+00
-3.239562996391313288e+00,1.543014595406735801e+00,-1.000000000000000000e+00
-7.408667042040726347e-01,1.891708849918504853e+00,1.000000000000000000e+00
-7.311964594819723995e-02,1.202620344043260125e+00,1.000000000000000000e+00
-3.944940199073371900e+00,-1.210542994123351646e+00,-1.000000000000000000e+00
-2.425413593456446470e+00,-1.077099069403994802e+00,-1.000000000000000000e+00
-1.664172985166173513e+00,2.373430668360610341e+00,1.000000000000000000e+00
7.772769637679554089e-01,2.208958536726974398e+00,1.000000000000000000e+00
-3.054309626571301006e+00,-4.706376581547914162e-01,-1.000000000000000000e+00
1.966763971934739841e+00,2.303766035056458161e+00,1.000000000000000000e+00
-1.797164615395618448e+00,1.697746828269189212e+00,1.000000000000000000e+00
-6.250273906846712801e-01,2.109607306014491979e+00,1.000000000000000000e+00
8.811310970996323322e-01,3.532989194519945642e+00,1.000000000000000000e+00
-3.386821854453975766e-01,4.534762544021154085e+00,1.000000000000000000e+00
-2.802202798391713046e+00,1.311575578416980692e+00,1.000000000000000000e+00
-9.072292455825163859e-01,-2.585726316767712474e-01,-1.000000000000000000e+00
-1.582494477981758463e+00,4.743601894582640810e+00,1.000000000000000000e+00
4.663795743819788564e-01,2.405607493588814982e+00,1.000000000000000000e+00
-2.890052109542329828e-01,5.013605244166272623e-01,1.000000000000000000e+00
-3.834258471402753443e+00,-1.346717505797555336e+00,-1.000000000000000000e+00
-1.579141176219180931e+00,3.187276529430211891e-01,-1.000000000000000000e+00
-7.564935288807482783e-01,2.801514057396766066e+00,1.000000000000000000e+00
-4.451804101481601883e+00,-6.598917297294979445e-01,-1.000000000000000000e+00
-3.321022773488251367e-01,1.778568704428244107e+00,1.000000000000000000e+00
1.260568845042149277e+00,2.399606496598634120e+00,1.000000000000000000e+00
-2.345052574303083670e+00,3.781625196021735635e-01,-1.000000000000000000e+00
9.442458776815199073e-02,-4.040322938509371409e-01,-1.000000000000000000e+00
-3.679157930637687812e+00,1.301428071664760822e+00,-1.000000000000000000e+00
-2.182839373707311292e+00,5.200406145708678096e-01,-1.000000000000000000e+00
-2.462994278089850386e+00,7.679024077327036846e-01,-1.000000000000000000e+00
-1.697582939024854798e-01,2.365867217231580000e+00,1.000000000000000000e+00
-3.570752621510542291e+00,1.054451726931136646e+00,-1.000000000000000000e+00
-1.885920629653919711e+00,9.222066715665268033e-01,-1.000000000000000000e+00
-2.852886983441639893e-02,2.175269734917040232e+00,1.000000000000000000e+00
-2.210879494721187832e+00,4.128708204461746800e-01,-1.000000000000000000e+00
-2.847450652498563439e+00,-5.812684768603252339e-01,-1.000000000000000000e+00
-4.859398450815319848e-01,-3.067657760270045553e-01,-1.000000000000000000e+00
-5.319938094111618110e-01,1.543741577567717238e+00,1.000000000000000000e+00
-8.791606288350748422e-01,2.268898392407003417e+00,1.000000000000000000e+00
1.508182063325937960e-01,2.244529213812230584e+00,1.000000000000000000e+00
-9.933613754231354065e-01,4.542072149826953620e+00,1.000000000000000000e+00
2.152404676396114658e-01,1.493634478321449688e+00,1.000000000000000000e+00
-4.957954945452093254e-01,3.716577713742940325e+00,1.000000000000000000e+00
-2.924663302432865652e+00,-8.299645975379619234e-01,-1.000000000000000000e+00
1.862737066135545724e-02,3.554324974904077727e+00,1.000000000000000000e+00
-2.535768071860220907e+00,2.380745351219750283e+00,-1.000000000000000000e+00
5.129168468277763848e-01,-4.123880768822463239e-02,1.000000000000000000e+00
3.812738409493465069e-02,3.012717523472398629e+00,1.000000000000000000e+00
-2.632880577586955706e+00,-2.977908794017283256e-01,-1.000000000000000000e+00
8.091802968531627283e-01,1.301907119808961788e+00,1.000000000000000000e+00
1.774658560973333188e+00,2.106846805245887300e+00,1.000000000000000000e+00
-2.791837362747862983e+00,-7.614922118116232985e-01,-1.000000000000000000e+00
8.864915393596158877e-01,2.227868243981791618e+00,1.000000000000000000e+00
-2.999016637994182943e+00,2.135122384354860847e-02,-1.000000000000000000e+00
6.430545453392927380e-01,3.088224929117936668e+00,1.000000000000000000e+00
-1.734638970728791252e-01,1.989970460244383066e+00,1.000000000000000000e+00
-2.461369448159811846e+00,-1.656715102321953736e+00,-1.000000000000000000e+00
-1.563257536464742969e+00,1.412327706037443065e+00,-1.000000000000000000e+00
-2.034337560269539935e+00,-1.536243686277223741e+00,-1.000000000000000000e+00
9.132019242521776103e-01,4.711304333239493047e+00,1.000000000000000000e+00
-2.001947595317143502e+00,-2.619223734425048244e-02,-1.000000000000000000e+00
-3.460504381633147997e+00,-7.931173627076716359e-01,-1.000000000000000000e+00
-3.004787855854222922e-01,2.144971268944626086e+00,1.000000000000000000e+00
-4.268538450677031193e+00,3.554817927437690650e-01,-1.000000000000000000e+00
1.315739679080687174e-01,1.094439952608110111e+00,1.000000000000000000e+00
-3.158552966805003859e+00,-5.142339659399888241e-01,-1.000000000000000000e+00
3.194318333315306346e-01,2.362220785714229443e+00,1.000000000000000000e+00
-3.568715280255984612e-01,3.045657323470027489e+00,1.000000000000000000e+00
-2.556133020448756898e+00,-1.385042735095726001e-03,-1.000000000000000000e+00
-2.940922632292591210e+00,-2.803554951845090848e-01,-1.000000000000000000e+00
-2.286519951089831082e+00,-1.208573653733221231e+00,-1.000000000000000000e+00
-4.897250223730267304e-01,2.220703330721627733e+00,1.000000000000000000e+00
-2.145242306886781858e+00,6.168865543932787743e-01,-1.000000000000000000e+00
-4.511330369333481360e-02,2.579121723929535204e+00,1.000000000000000000e+00
6.859922748066052400e-02,2.227723898854919504e+00,1.000000000000000000e+00
8.658318016541909079e-02,3.919255045910951196e+00,1.000000000000000000e+00
-3.100657557657788388e+00,1.552243180048560767e+00,-1.000000000000000000e+00
1.608522155948723720e+00,1.938421250396779261e+00,1.000000000000000000e+00
1.392518449434272387e+00,3.537585667050634264e+00,1.000000000000000000e+00
1.117283465688190258e+00,9.360953651602337278e-01,1.000000000000000000e+00
-3.688859257784028678e+00,-5.068163542986875436e-01,-1.000000000000000000e+00
-3.059525750983919101e-01,2.061525541965393948e+00,1.000000000000000000e+00
-5.664398537322192784e-01,2.192308722632998474e+00,1.000000000000000000e+00
-1.874768548972812532e+00,-1.602057655606747621e+00,-1.000000000000000000e+00
3.308975113876019836e-02,1.645838739185645494e+00,1.000000000000000000e+00
-1.399715661779626252e+00,1.298021972326221185e+00,-1.000000000000000000e+00
7.706730544633433322e-01,2.369560266216672595e+00,1.000000000000000000e+00
1.404545514939711914e+00,2.646440770478249771e+00,1.000000000000000000e+00
6.234536094243824378e-01,3.390671681431394635e+00,1.000000000000000000e+00
-2.610540657232472750e+00,1.020172711715799707e+00,-1.000000000000000000e+00
-4.122717546045429060e-01,2.096540816579198996e+00,1.000000000000000000e+00
-3.204700275856233738e+00,9.432607249694947571e-01,-1.000000000000000000e+00
-2.373087907296380195e+00,4.019893634447016528e-01,-1.000000000000000000e+00
-3.264143923906443145e+00,-1.437791473801578457e+00,-1.000000000000000000e+00
-1.552748032226252128e+00,-1.550100930908341890e-01,-1.000000000000000000e+00
2.528035054191545283e-01,2.091985290960103328e+00,1.000000000000000000e+00
-2.042584393779009133e+00,-9.646120137337284017e-01,-1.000000000000000000e+00
-2.135518750759494377e+00,1.471321956142338294e+00,-1.000000000000000000e+00
2.467660239799705779e-01,4.025957560884808828e+00,1.000000000000000000e+00
1.600267818748759119e+00,2.311165219782216340e+00,1.000000000000000000e+00
-2.392965911423441394e-01,2.253206442211248106e+00,1.000000000000000000e+00
-2.051804715576687421e+00,1.696181572828160622e+00,-1.000000000000000000e+00
-4.540803625156051293e-01,2.585951973434384765e+00,1.000000000000000000e+00
-2.033833573965969421e+00,-3.702424407043429233e-01,-1.000000000000000000e+00
-3.471104570444484505e+00,3.148172045158237897e-01,-1.000000000000000000e+00
-7.967753063063008900e-01,4.048066801378738866e+00,1.000000000000000000e+00
6.225191403049976646e-01,1.868808058253142779e+00,1.000000000000000000e+00
-1.682142227670740953e-01,2.877910101738474946e+00,1.000000000000000000e+00
5.559626797097979578e-01,3.392473887331530324e+00,1.000000000000000000e+00
-1.133592825638458867e+00,3.496759642819815550e+00,1.000000000000000000e+00
-3.677628962482630826e+00,-1.140196300934961604e+00,-1.000000000000000000e+00
-1.360599315456699321e+00,-1.234825820353652626e+00,-1.000000000000000000e+00
-2.865551089986037248e+00,9.380925409056455333e-01,-1.000000000000000000e+00
-2.998032450692305062e+00,1.929532053816985782e+00,-1.000000000000000000e+00
4.007145654777545529e-02,2.172245082703583297e+00,1.000000000000000000e+00
-3.444368490824293971e+00,2.381031478323121231e-01,-1.000000000000000000e+00
4.307711349456414540e-01,2.350108408266860849e+00,1.000000000000000000e+00
1.209850126410304982e+00,1.093895228608989134e+00,1.000000000000000000e+00
-2.487768016361182610e+00,1.569259614535904346e+00,-1.000000000000000000e+00
5.128364575927566449e-01,2.173681537841682054e+00,1.000000000000000000e+00
1.319117557874122104e-01,5.194344089310602985e-01,1.000000000000000000e+00
2.072707469736186359e-01,2.807732574679432158e+00,1.000000000000000000e+00
9.600477411499278579e-01,2.083500917563307464e+00,1.000000000000000000e+00
-2.169423243725626005e+00,9.492464735582356594e-01,-1.000000000000000000e+00
-9.906709306271491711e-01,1.497331412630209080e+00,1.000000000000000000e+00
1.052321370592758515e-01,2.408340591899616800e+00,1.000000000000000000e+00
-3.229044658794695710e+00,1.965574007287849145e-01,-1.000000000000000000e+00
1.001331017346729579e+00,3.097212504403425104e+00,1.000000000000000000e+00
8.851875412089272865e-01,3.973764815138404849e+00,1.000000000000000000e+00
-2.631908639779966919e+00,4.047618120404974928e-01,-1.000000000000000000e+00
-1.809570975616951127e+00,7.966721083646713941e-01,-1.000000000000000000e+00
-1.321220428840349292e+00,-1.799248358123509139e-01,-1.000000000000000000e+00
-3.337678041907945037e+00,-5.911831037644297293e-01,-1.000000000000000000e+00
-4.802490349949254389e-01,3.436107550109697595e+00,1.000000000000000000e+00
9.341797484997248491e-01,1.108494730595780409e+00,1.000000000000000000e+00
-2.948165362680708057e+00,-6.493379277303881203e-01,-1.000000000000000000e+00
-9.672207856415424576e-01,1.469358769900285022e+00,-1.000000000000000000e+00
4.066570874668811730e-01,3.701697855667506420e+00,1.000000000000000000e+00
-4.324256655937830374e+00,3.036039044620014171e-01,-1.000000000000000000e+00
-1.808143926498251508e+00,2.911334242897608782e+00,1.000000000000000000e+00
-2.539282818227495575e+00,-1.168093497741197417e+00,-1.000000000000000000e+00
-2.511145611841841152e+00,1.149889987006237450e-02,-1.000000000000000000e+00
1.685792302659303576e+00,8.519537936338201778e-01,1.000000000000000000e+00
-3.292286661806144821e+00,-5.316059080114549085e-01,-1.000000000000000000e+00
-4.832495424791073968e-01,2.502571182431510000e+00,1.000000000000000000e+00
-2.440105316883724118e+00,-2.125230447703091996e-01,-1.000000000000000000e+00
-1.744259711105457411e+00,-5.391326367529899466e-01,-1.000000000000000000e+00
1.927289964997268290e-01,3.196438673391439167e+00,1.000000000000000000e+00
-2.706903676163971539e+00,8.801789120807822497e-01,-1.000000000000000000e+00
-1.978935123547241437e+00,-5.757879698130661250e-01,-1.000000000000000000e+00
1.418066391534544557e-01,4.333435361815678455e+00,1.000000000000000000e+00
-4.674410096259063452e-01,1.639846615075336800e+00,1.000000000000000000e+00
-3.752795360049926199e+00,7.774903558319100627e-01,-1.000000000000000000e+00
1.914508720239117834e-01,3.380511199177110626e+00,1.000000000000000000e+00
6.749225724080680500e-02,2.516338084112892393e+00,1.000000000000000000e+00
-4.755564229402189369e+00,-1.022506843635603513e+00,-1.000000000000000000e+00
-3.905962916267899487e+00,-5.900576458695396820e-01,-1.000000000000000000e+00
1.021224743167163052e+00,3.208695273110426349e+00,1.000000000000000000e+00
-9.680821176645779680e-01,2.977068092356865314e+00,1.000000000000000000e+00
5.517135478023173917e-02,2.798977456119017493e+00,1.000000000000000000e+00
-2.257882039014877051e+00,-8.887202573536308048e-01,-1.000000000000000000e+00
-1.823539267638376815e+00,-3.820089555778202195e-01,-1.000000000000000000e+00
1.587761523745367498e+00,1.856742398211261191e+00,1.000000000000000000e+00
7.644974530335335583e-01,2.231627264790618792e+00,1.000000000000000000e+00
-2.528182228338654802e+00,4.283318705304176577e-01,-1.000000000000000000e+00
1.761266127419863103e+00,3.254095663656242809e+00,1.000000000000000000e+00
1.471000245410806345e-03,1.733295145463099818e+00,1.000000000000000000e+00
-3.770484998485733819e+00,9.693967081580111556e-01,-1.000000000000000000e+00
1.431567757449290879e+00,3.962214170780419487e+00,1.000000000000000000e+00
-1.194986805268660301e+00,1.999590332695736050e+00,1.000000000000000000e+00
4.573096467208112581e-01,3.462341744814345201e+00,1.000000000000000000e+00
2.273459501434809960e-01,4.114249547280227404e+00,1.000000000000000000e+00
-1.098655168708040364e+00,-4.103817936578705861e-01,-1.000000000000000000e+00
-3.870759982543060751e+00,8.656529228158532652e-01,-1.000000000000000000e+00
2.975143539549459093e-01,2.544022276175347930e+00,1.000000000000000000e+00
-2.702896840766666919e+00,-1.098827793093137967e-01,-1.000000000000000000e+00
9.541895808987649330e-01,3.044144752358008077e+00,1.000000000000000000e+00
-3.559514930468063443e-01,5.040231620759171527e+00,1.000000000000000000e+00
8.179776072548057275e-01,2.221085724896760372e+00,1.000000000000000000e+00
5.426107834987963230e-01,3.215938893436991464e+00,1.000000000000000000e+00
-3.859780725503813681e+00,-4.140081155796743184e-02,-1.000000000000000000e+00
8.793899419133700546e-01,3.135424526553995506e+00,1.000000000000000000e+00
-1.172217304042016961e+00,-1.012814862173993524e-01,-1.000000000000000000e+00
3.890870585621503119e-02,3.126564250745360596e+00,1.000000000000000000e+00
-1.478209414411326916e+00,-5.525406734167291889e-01,-1.000000000000000000e+00
-2.821958766904351101e-01,1.341796814815971128e+00,1.000000000000000000e+00
-1.345815969505980814e+00,1.725044164928659085e-01,-1.000000000000000000e+00
-1.800619516412182985e+00,-1.061222287445909185e+00,-1.000000000000000000e+00
-1.976723339468246188e+00,-1.715463312222481052e-01,-1.000000000000000000e+00
-1.684517255424882842e+00,3.306563767896259609e+00,1.000000000000000000e+00
7.041110221415821657e-01,1.004320483742983772e+00,1.000000000000000000e+00
4.355461592956536010e-01,1.900775722540280599e+00,1.000000000000000000e+00
1.117305315536664567e+00,1.981099795575147926e+00,1.000000000000000000e+00
-1.859868473902408059e+00,-1.616956044310834395e+00,-1.000000000000000000e+00
-2.777359145427433340e+00,3.651733974780799308e+00,1.000000000000000000e+00
-2.073741269221899053e+00,6.769080350302455473e-01,-1.000000000000000000e+00
-2.847912149326152775e+00,1.563489691039800511e-01,-1.000000000000000000e+00
-3.717938511593151141e+00,-3.049636378544204329e-01,-1.000000000000000000e+00
-1.109477553636145197e+00,1.952481899320568370e+00,1.000000000000000000e+00
-3.604383339428450572e+00,5.216507926097440490e-02,-1.000000000000000000e+00
6.774621693464116801e-01,2.551820389482421625e+00,1.000000000000000000e+00
-2.610489405065927748e+00,-1.660699811869263298e+00,-1.000000000000000000e+00
-1.699435196569003104e+00,7.826017516166135224e-02,-1.000000000000000000e+00
-4.198105819432254471e+00,3.872804753950633838e-01,-1.000000000000000000e+00
-7.999136231406647202e-01,2.279924220179644578e+00,1.000000000000000000e+00
1.879179177425780237e-02,1.906222552221332522e+00,1.000000000000000000e+00
9.909091736848452125e-01,2.313290888190220773e+00,1.000000000000000000e+00
-3.069312053470185209e+00,2.699043549407613707e-01,-1.000000000000000000e+00
-2.454865984567989656e+00,2.339624806020057957e+00,-1.000000000000000000e+00
-2.809114444771708907e+00,-2.334666615436927217e-01,-1.000000000000000000e+00
-4.012978051335100438e-01,2.183344704947892900e+00,1.000000000000000000e+00
-1.212867816209024729e+00,2.783769554383345390e+00,1.000000000000000000e+00
-1.318621398711714132e+00,-6.319037580051672931e-01,-1.000000000000000000e+00
-9.988487960953681410e-01,1.759863209260486450e+00,1.000000000000000000e+00
-3.134322093680963484e+00,-3.627411659871381255e-01,-1.000000000000000000e+00
4.209182841756565763e-01,2.746602186261334566e+00,1.000000000000000000e+00
-5.654978063746562977e-01,2.976031383438114464e+00,1.000000000000000000e+00
-6.324410395734301193e-01,9.060446582753852729e-01,-1.000000000000000000e+00
-3.137437025552229031e+00,-3.972718143287976567e-01,-1.000000000000000000e+00
-2.469398175661482231e+00,-6.964157844693558141e-02,-1.000000000000000000e+00
1.740629445895330862e+00,2.206514945110622516e+00,1.000000000000000000e+00
-2.601697274554871431e+00,1.927938451307721623e-02,-1.000000000000000000e+00
4.348079577311579347e-01,3.040094460524805697e+00,1.000000000000000000e+00
-2.585930766971612726e+00,1.942929380457716626e-01,-1.000000000000000000e+00
-1.116949553746723556e+00,2.464703260397084428e+00,1.000000000000000000e+00
5.665453158182124360e-01,2.646304446001044308e+00,1.000000000000000000e+00
-1.102230190907090623e+00,2.475450576357621113e+00,1.000000000000000000e+00
2.066905117080032883e-01,3.031042506978059770e+00,1.000000000000000000e+00
-3.832211654594501749e+00,-1.968624689786020232e+00,-1.000000000000000000e+00
-2.618164045128569928e+00,-6.801782039968503613e-01,-1.000000000000000000e+00
-1.550579193074239193e+00,8.755124138519089494e-02,-1.000000000000000000e+00
1.355442702594418236e+00,2.101851871249925008e+00,1.000000000000000000e+00
-3.921919871640437094e+00,1.997956079750004665e+00,-1.000000000000000000e+00
-2.985612163636626459e-02,2.381829215633408214e+00,1.000000000000000000e+00
-1.000330348953705428e+00,4.173985707010709589e+00,1.000000000000000000e+00
-2.524326124398935445e+00,-7.380309092056887010e-01,-1.000000000000000000e+00
2.149655906260935223e-01,2.597219232002918154e+00,1.000000000000000000e+00
-7.239287040586021016e-01,1.380371766319545612e+00,1.000000000000000000e+00
-3.288669254509366091e+00,1.094638374712091355e+00,-1.000000000000000000e+00
-3.007517601657356821e+00,-1.051880102551673968e+00,-1.000000000000000000e+00
-3.265609776792077201e-01,2.491790117730385834e+00,1.000000000000000000e+00
-9.866719174267948311e-01,5.531320642075839844e-01,-1.000000000000000000e+00
-3.532643101892129600e+00,-4.367483374580073963e-01,-1.000000000000000000e+00
